<?xml version="1.0" encoding="UTF-8"?>
<testsuite xmlns:xsi="http://www.w3.org/2001/XMLSchema-instance" xsi:noNamespaceSchemaLocation="https://maven.apache.org/surefire/maven-surefire-plugin/xsd/surefire-test-report-3.0.xsd" version="3.0" name="TestSuite" time="25.876" tests="3" errors="0" skipped="0" failures="1">
  <properties>
[...]
</properties>
  <testcase name="runScenario[&quot;Verify application handles successful authentication mapping&quot;, &quot;Swag Labs E-Commerce End-to-End Validation&quot;](1)" classname="com.automation.runner.TestRunner" time="6.766">
    <system-out><![CDATA[
Scenario: Verify application handles successful authentication mapping           # src/test/resources/features/e2e_user_flows.feature:6
  Given the user navigates to the Swag Labs landing portal                       # com.automation.steps.AutomationStepDefinitions.navigateToPortal()
  When the user enters username "standard_user" and password "secret_sauce"      # com.automation.steps.AutomationStepDefinitions.inputCredentials(java.lang.String,java.lang.String)
  And clicks on the authentication submission button                             # com.automation.steps.AutomationStepDefinitions.clickSubmitButton()
  Then the user should see the central catalog dashboard page titled "Swag Labs" # com.automation.steps.AutomationStepDefinitions.verifyDashboardTitle(java.lang.String)
  And the product catalog grid display panel should be visible                   # com.automation.steps.AutomationStepDefinitions.verifyInventoryPanel()
]]></system-out>
    <system-err><![CDATA[SLF4J: Failed to load class "org.slf4j.impl.StaticLoggerBinder".
SLF4J: Defaulting to no-operation (NOP) logger implementation
SLF4J: See http://www.slf4j.org/codes.html#StaticLoggerBinder for further details.
Jun 06, 2026 4:34:18 PM org.openqa.selenium.devtools.CdpVersionFinder findNearestMatch
WARNING: Unable to find CDP implementation matching 148
Jun 06, 2026 4:34:18 PM org.openqa.selenium.chromium.ChromiumDriver lambda$new$5
WARNING: Unable to find version of CDP to use for 148.0.7778.216. You may need to include a dependency on a specific version of the CDP using something similar to `org.seleniumhq.selenium:selenium-devtools-v86:4.18.1` where the version ("v86") matches the version of the chromium-based browser you're using and the version number of the artifact is the same as Selenium's.
]]></system-err>
  </testcase>
  <testcase name="runScenario[&quot;Verify application restricts access to locked out accounts&quot;, &quot;Swag Labs E-Commerce End-to-End Validation&quot;](2)" classname="com.automation.runner.TestRunner" time="2.798">
    <system-out><![CDATA[
Scenario: Verify application restricts access to locked out accounts                  # src/test/resources/features/e2e_user_flows.feature:12
  Given the user navigates to the Swag Labs landing portal                            # com.automation.steps.AutomationStepDefinitions.navigateToPortal()
  When the user enters username "locked_out_user" and password "secret_sauce"         # com.automation.steps.AutomationStepDefinitions.inputCredentials(java.lang.String,java.lang.String)
  And clicks on the authentication submission button                                  # com.automation.steps.AutomationStepDefinitions.clickSubmitButton()
  Then a critical error dialog should present "Sorry, this user has been locked out." # com.automation.steps.AutomationStepDefinitions.verifyErrorContext(java.lang.String)
]]></system-out>
    <system-err><![CDATA[Jun 06, 2026 4:34:21 PM org.openqa.selenium.devtools.CdpVersionFinder findNearestMatch
WARNING: Unable to find CDP implementation matching 148
Jun 06, 2026 4:34:21 PM org.openqa.selenium.chromium.ChromiumDriver lambda$new$5
WARNING: Unable to find version of CDP to use for 148.0.7778.216. You may need to include a dependency on a specific version of the CDP using something similar to `org.seleniumhq.selenium:selenium-devtools-v86:4.18.1` where the version ("v86") matches the version of the chromium-based browser you're using and the version number of the artifact is the same as Selenium's.
]]></system-err>
  </testcase>
  <testcase name="runScenario[&quot;Complete full transactional checkout pipeline flow&quot;, &quot;Swag Labs E-Commerce End-to-End Validation&quot;](3)" classname="com.automation.runner.TestRunner" time="14.305">
    <failure message="Expected condition failed: waiting for visibility of element located by By.className: shopping_cart_badge (tried for 10 second(s) with 500 milliseconds interval)&#10;Build info: version: &apos;4.18.1&apos;, revision: &apos;b1d3319b48&apos;&#10;System info: os.name: &apos;Windows 11&apos;, os.arch: &apos;amd64&apos;, os.version: &apos;10.0&apos;, java.version: &apos;21.0.10&apos;&#10;Driver info: org.openqa.selenium.chrome.ChromeDriver&#10;Capabilities {acceptInsecureCerts: false, browserName: chrome, browserVersion: 148.0.7778.216, chrome: {chromedriverVersion: 148.0.7778.178 (d096af1c9e9..., userDataDir: C:\Users\boris\AppData\Loca...}, fedcm:accounts: true, goog:chromeOptions: {debuggerAddress: localhost:61489}, goog:processID: 24976, networkConnectionEnabled: false, pageLoadStrategy: normal, platformName: windows, proxy: Proxy(), se:cdp: ws://localhost:61489/devtoo..., se:cdpVersion: 148.0.7778.216, setWindowRect: true, strictFileInteractability: false, timeouts: {implicit: 0, pageLoad: 300000, script: 30000}, unhandledPromptBehavior: dismiss and notify, webauthn:extension:credBlob: true, webauthn:extension:largeBlob: true, webauthn:extension:minPinLength: true, webauthn:extension:prf: true, webauthn:virtualAuthenticators: true}&#10;Session ID: 6c6c11e104008af7244232bc5c81b99f" type="org.openqa.selenium.TimeoutException"><![CDATA[org.openqa.selenium.TimeoutException: 
Expected condition failed: waiting for visibility of element located by By.className: shopping_cart_badge (tried for 10 second(s) with 500 milliseconds interval)
Build info: version: '4.18.1', revision: 'b1d3319b48'
System info: os.name: 'Windows 11', os.arch: 'amd64', os.version: '10.0', java.version: '21.0.10'
Driver info: org.openqa.selenium.chrome.ChromeDriver
Capabilities {acceptInsecureCerts: false, browserName: chrome, browserVersion: 148.0.7778.216, chrome: {chromedriverVersion: 148.0.7778.178 (d096af1c9e9..., userDataDir: C:\Users\boris\AppData\Loca...}, fedcm:accounts: true, goog:chromeOptions: {debuggerAddress: localhost:61489}, goog:processID: 24976, networkConnectionEnabled: false, pageLoadStrategy: normal, platformName: windows, proxy: Proxy(), se:cdp: ws://localhost:61489/devtoo..., se:cdpVersion: 148.0.7778.216, setWindowRect: true, strictFileInteractability: false, timeouts: {implicit: 0, pageLoad: 300000, script: 30000}, unhandledPromptBehavior: dismiss and notify, webauthn:extension:credBlob: true, webauthn:extension:largeBlob: true, webauthn:extension:minPinLength: true, webauthn:extension:prf: true, webauthn:virtualAuthenticators: true}
Session ID: 6c6c11e104008af7244232bc5c81b99f
	at org.openqa.selenium.support.ui.WebDriverWait.timeoutException(WebDriverWait.java:84)
	at org.openqa.selenium.support.ui.FluentWait.until(FluentWait.java:228)
	at com.automation.pages.DashboardPage.retrieveCartItemsBadgeCount(DashboardPage.java:35)
	at com.automation.steps.AutomationStepDefinitions.verifyBadgeIndicatorCount(AutomationStepDefinitions.java:77)
	at ✽.the interactive shopping cart badge indicator should display "1"(file:///C:/Users/boris/eclipse-workspace/SeleniumWebAutomationFramework/src/test/resources/features/e2e_user_flows.feature:22)
]]></failure>
    <system-out><![CDATA[
Scenario: Complete full transactional checkout pipeline flow                # src/test/resources/features/e2e_user_flows.feature:17
  Given the user navigates to the Swag Labs landing portal                  # com.automation.steps.AutomationStepDefinitions.navigateToPortal()
  When the user enters username "standard_user" and password "secret_sauce" # com.automation.steps.AutomationStepDefinitions.inputCredentials(java.lang.String,java.lang.String)
  And clicks on the authentication submission button                        # com.automation.steps.AutomationStepDefinitions.clickSubmitButton()
  And the user appends the first catalog item into the active cart          # com.automation.steps.AutomationStepDefinitions.appendCatalogItem()
  And navigates directly into the cart overview portal                      # com.automation.steps.AutomationStepDefinitions.stepBoundarySync()
  Then the interactive shopping cart badge indicator should display "1"     # com.automation.steps.AutomationStepDefinitions.verifyBadgeIndicatorCount(java.lang.String)
      org.openqa.selenium.TimeoutException: Expected condition failed: waiting for visibility of element located by By.className: shopping_cart_badge (tried for 10 second(s) with 500 milliseconds interval)
Build info: version: '4.18.1', revision: 'b1d3319b48'
System info: os.name: 'Windows 11', os.arch: 'amd64', os.version: '10.0', java.version: '21.0.10'
Driver info: org.openqa.selenium.chrome.ChromeDriver
Capabilities {acceptInsecureCerts: false, browserName: chrome, browserVersion: 148.0.7778.216, chrome: {chromedriverVersion: 148.0.7778.178 (d096af1c9e9..., userDataDir: C:\Users\boris\AppData\Loca...}, fedcm:accounts: true, goog:chromeOptions: {debuggerAddress: localhost:61489}, goog:processID: 24976, networkConnectionEnabled: false, pageLoadStrategy: normal, platformName: windows, proxy: Proxy(), se:cdp: ws://localhost:61489/devtoo..., se:cdpVersion: 148.0.7778.216, setWindowRect: true, strictFileInteractability: false, timeouts: {implicit: 0, pageLoad: 300000, script: 30000}, unhandledPromptBehavior: dismiss and notify, webauthn:extension:credBlob: true, webauthn:extension:largeBlob: true, webauthn:extension:minPinLength: true, webauthn:extension:prf: true, webauthn:virtualAuthenticators: true}
Session ID: 6c6c11e104008af7244232bc5c81b99f
	at org.openqa.selenium.support.ui.WebDriverWait.timeoutException(WebDriverWait.java:84)
	at org.openqa.selenium.support.ui.FluentWait.until(FluentWait.java:228)
	at com.automation.pages.DashboardPage.retrieveCartItemsBadgeCount(DashboardPage.java:35)
	at com.automation.steps.AutomationStepDefinitions.verifyBadgeIndicatorCount(AutomationStepDefinitions.java:77)
	at ✽.the interactive shopping cart badge indicator should display "1"(file:///C:/Users/boris/eclipse-workspace/SeleniumWebAutomationFramework/src/test/resources/features/e2e_user_flows.feature:22)


    Embedding Automated_Failure_Context_Screenshot [image/png 54466 bytes]

]]></system-out>
    <system-err><![CDATA[Jun 06, 2026 4:34:24 PM org.openqa.selenium.devtools.CdpVersionFinder findNearestMatch
WARNING: Unable to find CDP implementation matching 148
Jun 06, 2026 4:34:24 PM org.openqa.selenium.chromium.ChromiumDriver lambda$new$5
WARNING: Unable to find version of CDP to use for 148.0.7778.216. You may need to include a dependency on a specific version of the CDP using something similar to `org.seleniumhq.selenium:selenium-devtools-v86:4.18.1` where the version ("v86") matches the version of the chromium-based browser you're using and the version number of the artifact is the same as Selenium's.
]]></system-err>
  </testcase>
</testsuite>