<?xml version="1.0" encoding="UTF-8"?>
<testng-results ignored="0" total="5" passed="5" failed="0" skipped="0">
  <reporter-output>
  </reporter-output>
  <suite started-at="2026-06-07T14:26:15 IST" name="Web Automation Regression Suite" finished-at="2026-06-07T14:26:29 IST" duration-ms="13493">
    <groups>
      <group name="cucumber">
        <method signature="AbstractTestNGCucumberTests.runScenario(io.cucumber.testng.PickleWrapper,io.cucumber.testng.FeatureWrapper)[pri:0, instance:com.automation.runner.TestRunner@1c1bbc4e]" name="runScenario" class="io.cucumber.testng.AbstractTestNGCucumberTests"/>
      </group> <!-- cucumber -->
    </groups>
    <test started-at="2026-06-07T14:26:15 IST" name="Cucumber Scenarios Verification" finished-at="2026-06-07T14:26:29 IST" duration-ms="13493">
      <class name="com.automation.runner.TestRunner">
        <test-method is-config="true" signature="setUpClass(org.testng.ITestContext)[pri:0, instance:com.automation.runner.TestRunner@1c1bbc4e]" started-at="2026-06-07T14:26:15 IST" name="setUpClass" finished-at="2026-06-07T14:26:16 IST" duration-ms="725" status="PASS">
          <params>
            <param index="0">
              <value>
                <![CDATA[org.testng.TestRunner@37c5284a]]>
              </value>
            </param>
          </params>
          <reporter-output>
          </reporter-output>
        </test-method> <!-- setUpClass -->
        <test-method signature="runScenario(io.cucumber.testng.PickleWrapper,io.cucumber.testng.FeatureWrapper)[pri:0, instance:com.automation.runner.TestRunner@1c1bbc4e]" started-at="2026-06-07T14:26:16 IST" name="runScenario" description="Runs Cucumber Scenarios" data-provider="scenarios" finished-at="2026-06-07T14:26:19 IST" duration-ms="2951" status="PASS">
          <params>
            <param index="0">
              <value>
                <![CDATA["Verify application handles successful authentication mapping"]]>
              </value>
            </param>
            <param index="1">
              <value>
                <![CDATA["Swag Labs E-Commerce End-to-End Validation"]]>
              </value>
            </param>
          </params>
          <reporter-output>
          </reporter-output>
        </test-method> <!-- runScenario -->
        <test-method signature="runScenario(io.cucumber.testng.PickleWrapper,io.cucumber.testng.FeatureWrapper)[pri:0, instance:com.automation.runner.TestRunner@1c1bbc4e]" started-at="2026-06-07T14:26:19 IST" name="runScenario" description="Runs Cucumber Scenarios" data-provider="scenarios" finished-at="2026-06-07T14:26:21 IST" duration-ms="2277" status="PASS">
          <params>
            <param index="0">
              <value>
                <![CDATA["Verify application restricts access to locked out accounts"]]>
              </value>
            </param>
            <param index="1">
              <value>
                <![CDATA["Swag Labs E-Commerce End-to-End Validation"]]>
              </value>
            </param>
          </params>
          <reporter-output>
          </reporter-output>
        </test-method> <!-- runScenario -->
        <test-method signature="runScenario(io.cucumber.testng.PickleWrapper,io.cucumber.testng.FeatureWrapper)[pri:0, instance:com.automation.runner.TestRunner@1c1bbc4e]" started-at="2026-06-07T14:26:21 IST" name="runScenario" description="Runs Cucumber Scenarios" data-provider="scenarios" finished-at="2026-06-07T14:26:24 IST" duration-ms="2321" status="PASS">
          <params>
            <param index="0">
              <value>
                <![CDATA["Complete full transactional checkout pipeline flow"]]>
              </value>
            </param>
            <param index="1">
              <value>
                <![CDATA["Swag Labs E-Commerce End-to-End Validation"]]>
              </value>
            </param>
          </params>
          <reporter-output>
          </reporter-output>
        </test-method> <!-- runScenario -->
        <test-method signature="runScenario(io.cucumber.testng.PickleWrapper,io.cucumber.testng.FeatureWrapper)[pri:0, instance:com.automation.runner.TestRunner@1c1bbc4e]" started-at="2026-06-07T14:26:24 IST" name="runScenario" description="Runs Cucumber Scenarios" data-provider="scenarios" finished-at="2026-06-07T14:26:26 IST" duration-ms="2393" status="PASS">
          <params>
            <param index="0">
              <value>
                <![CDATA["Verify product sorting behavior by price from low to high"]]>
              </value>
            </param>
            <param index="1">
              <value>
                <![CDATA["Swag Labs E-Commerce End-to-End Validation"]]>
              </value>
            </param>
          </params>
          <reporter-output>
          </reporter-output>
        </test-method> <!-- runScenario -->
        <test-method signature="runScenario(io.cucumber.testng.PickleWrapper,io.cucumber.testng.FeatureWrapper)[pri:0, instance:com.automation.runner.TestRunner@1c1bbc4e]" started-at="2026-06-07T14:26:26 IST" name="runScenario" description="Runs Cucumber Scenarios" data-provider="scenarios" finished-at="2026-06-07T14:26:29 IST" duration-ms="2440" status="PASS">
          <params>
            <param index="0">
              <value>
                <![CDATA["Verify dynamic cart state when removing an item"]]>
              </value>
            </param>
            <param index="1">
              <value>
                <![CDATA["Swag Labs E-Commerce End-to-End Validation"]]>
              </value>
            </param>
          </params>
          <reporter-output>
          </reporter-output>
        </test-method> <!-- runScenario -->
        <test-method is-config="true" signature="tearDownClass()[pri:0, instance:com.automation.runner.TestRunner@1c1bbc4e]" started-at="2026-06-07T14:26:29 IST" name="tearDownClass" finished-at="2026-06-07T14:26:29 IST" duration-ms="331" status="PASS">
          <reporter-output>
          </reporter-output>
        </test-method> <!-- tearDownClass -->
      </class> <!-- com.automation.runner.TestRunner -->
    </test> <!-- Cucumber Scenarios Verification -->
  </suite> <!-- Web Automation Regression Suite -->
</testng-results>
