<?xml version="1.0" encoding="UTF-8"?>
<!-- Generated by org.testng.reporters.JUnitReportReporter -->
<testsuite hostname="DESKTOP-BQL01KG" failures="0" tests="5" name="com.automation.runner.TestRunner" time="12.382" errors="0" timestamp="2026-06-07T14:26:29 IST" skipped="0">
  <testcase classname="com.automation.runner.TestRunner" name="runScenario" time="2.277"/>
  <testcase classname="com.automation.runner.TestRunner" name="runScenario" time="2.951"/>
  <testcase classname="com.automation.runner.TestRunner" name="runScenario" time="2.321"/>
  <testcase classname="com.automation.runner.TestRunner" name="runScenario" time="2.440"/>
  <testcase classname="com.automation.runner.TestRunner" name="runScenario" time="2.393"/>
</testsuite> <!-- com.automation.runner.TestRunner -->
